0 info it worked if it ends with ok
1 verbose cli [ '/Users/anthony/.nvm/versions/node/v6.14.4/bin/node',
1 verbose cli   '/Users/anthony/.nvm/versions/node/v6.14.4/bin/npm',
1 verbose cli   'run',
1 verbose cli   'clean' ]
2 info using npm@3.10.10
3 info using node@v6.14.4
4 verbose run-script [ 'preclean', 'clean', 'postclean' ]
5 info lifecycle classify@1.0.0~preclean: classify@1.0.0
6 silly lifecycle classify@1.0.0~preclean: no script for preclean, continuing
7 info lifecycle classify@1.0.0~clean: classify@1.0.0
8 verbose lifecycle classify@1.0.0~clean: unsafe-perm in lifecycle true
9 verbose lifecycle classify@1.0.0~clean: PATH: /Users/anthony/.nvm/versions/node/v6.14.4/lib/node_modules/npm/bin/node-gyp-bin:/Users/anthony/Code/elisha/frontend/node_modules/.bin:/Users/anthony/.nvm/versions/node/v6.14.4/bin:/Users/anthony/.nvm/versions/node/v6.14.4/bin:/usr/local/bin:/usr/bin:/bin:/usr/sbin:/sbin:/Users/anthony/.nvm/versions/node/v6.14.4/bin
10 verbose lifecycle classify@1.0.0~clean: CWD: /Users/anthony/Code/elisha/frontend
11 silly lifecycle classify@1.0.0~clean: Args: [ '-c', 'npm-run-all prettier lint' ]
12 silly lifecycle classify@1.0.0~clean: Returned: code: 1  signal: null
13 info lifecycle classify@1.0.0~clean: Failed to exec clean script
14 verbose stack Error: classify@1.0.0 clean: `npm-run-all prettier lint`
14 verbose stack Exit status 1
14 verbose stack     at EventEmitter.<anonymous> (/Users/anthony/.nvm/versions/node/v6.14.4/lib/node_modules/npm/lib/utils/lifecycle.js:255:16)
14 verbose stack     at emitTwo (events.js:106:13)
14 verbose stack     at EventEmitter.emit (events.js:191:7)
14 verbose stack     at ChildProcess.<anonymous> (/Users/anthony/.nvm/versions/node/v6.14.4/lib/node_modules/npm/lib/utils/spawn.js:40:14)
14 verbose stack     at emitTwo (events.js:106:13)
14 verbose stack     at ChildProcess.emit (events.js:191:7)
14 verbose stack     at maybeClose (internal/child_process.js:920:16)
14 verbose stack     at Process.ChildProcess._handle.onexit (internal/child_process.js:230:5)
15 verbose pkgid classify@1.0.0
16 verbose cwd /Users/anthony/Code/elisha/frontend
17 error Darwin 21.2.0
18 error argv "/Users/anthony/.nvm/versions/node/v6.14.4/bin/node" "/Users/anthony/.nvm/versions/node/v6.14.4/bin/npm" "run" "clean"
19 error node v6.14.4
20 error npm  v3.10.10
21 error code ELIFECYCLE
22 error classify@1.0.0 clean: `npm-run-all prettier lint`
22 error Exit status 1
23 error Failed at the classify@1.0.0 clean script 'npm-run-all prettier lint'.
23 error Make sure you have the latest version of node.js and npm installed.
23 error If you do, this is most likely a problem with the classify package,
23 error not with npm itself.
23 error Tell the author that this fails on your system:
23 error     npm-run-all prettier lint
23 error You can get information on how to open an issue for this project with:
23 error     npm bugs classify
23 error Or if that isn't available, you can get their info via:
23 error     npm owner ls classify
23 error There is likely additional logging output above.
24 verbose exit [ 1, true ]
